<?xml version="1.0" encoding="UTF-8"?>
<!-- Generated by org.testng.reporters.JUnitReportReporter -->
<testsuite hostname="PRATEEK-PC" name="Auto3" tests="1" failures="0" timestamp="8 Oct 2016 18:21:56 GMT" time="12.688" errors="0">
  <testcase name="checkSearchFunctionality" time="12.688" classname="Auto3"/>
</testsuite> <!-- Auto3 -->
